#
# A fatal error has been detected by the Java Runtime Environment:
#
#  EXCEPTION_ACCESS_VIOLATION (0xc0000005) at pc=0x00007fff62ec0af7, pid=16132, tid=0x0000000000004114
#
# JRE version: Java(TM) SE Runtime Environment (8.0_221-b11) (build 1.8.0_221-b11)
# Java VM: Java HotSpot(TM) 64-Bit Server VM (25.221-b11 mixed mode windows-amd64 compressed oops)
# Problematic frame:
# C  [PicFace64.dll+0x80af7]
#
# Failed to write core dump. Minidumps are not enabled by default on client versions of Windows
#
# If you would like to submit a bug report, please visit:
#   http://bugreport.java.com/bugreport/crash.jsp
# The crash happened outside the Java Virtual Machine in native code.
# See problematic frame for where to report the bug.
#

---------------  T H R E A D  ---------------

Current thread (0x0000000019c42000):  JavaThread "JDWP Transport Listener: dt_socket" daemon [_thread_in_native, id=16660, stack(0x00000000206a0000,0x00000000208a0000)]

siginfo: ExceptionCode=0xc0000005, writing address 0x0000000000000000

Registers:
RAX=0x000000002089e5a0, RBX=0x000000002089e880, RCX=0x000000000000008a, RDX=0x0000000000000000
RSP=0x000000002089e1e0, RBP=0x0000000000000000, RSI=0x000000002089e5a8, RDI=0x0000000000000000
R8 =0x00000000001b1150, R9 =0x000000000000005d, R10=0x000000000000001c, R11=0x00000000183c0060
R12=0x00007fff6300d320, R13=0x000000001c873768, R14=0x000000001c874828, R15=0x000000001c874060
RIP=0x00007fff62ec0af7, EFLAGS=0x0000000000010202

Top of Stack: (sp=0x000000002089e1e0)
0x000000002089e1e0:   000000002089e880 0000000000000000
0x000000002089e1f0:   fffffffffffffffe 0064006e00490065
0x000000002089e200:   0000000000000000 006f006900730072
0x000000002089e210:   00350031002e006e 00007fff62fff438
0x000000002089e220:   0000000000000000 00007fff62ec0a2a
0x000000002089e230:   000000002089e5a0 000000002089e5a8
0x000000002089e240:   0000000000000128 0064003800000037
0x000000002089e250:   0000000000000090 0000000000000090
0x000000002089e260:   0000000000000041 000000002089e5a8
0x000000002089e270:   000000002089e5a8 000000002089e5a8
0x000000002089e280:   0000000000000028 000000001c874f42
0x000000002089e290:   0000000000000000 00007fff62ec08ba
0x000000002089e2a0:   000000002089e5a0 0000000000000042
0x000000002089e2b0:   000000000000008a 000000005eac4882
0x000000002089e2c0:   0000000000000041 0000000000000030
0x000000002089e2d0:   0000000000000010 00007fff62ec092e 

Instructions: (pc=0x00007fff62ec0af7)
0x00007fff62ec0ad7:   48 89 44 24 20 48 8b 44 24 50 48 0f bf 88 16 01
0x00007fff62ec0ae7:   00 00 48 8b 74 24 50 48 83 c6 08 48 8b 7c 24 20
0x00007fff62ec0af7:   f3 a4 48 8b 44 24 20 eb 1a 48 8b 4c 24 50 0f b7
0x00007fff62ec0b07:   44 24 60 66 89 81 16 01 00 00 48 8b 44 24 50 48 


Register to memory mapping:

RAX=0x000000002089e5a0 is pointing into the stack for thread: 0x0000000019c42000
RBX=0x000000002089e880 is pointing into the stack for thread: 0x0000000019c42000
RCX=0x000000000000008a is an unknown value
RDX=0x0000000000000000 is an unknown value
RSP=0x000000002089e1e0 is pointing into the stack for thread: 0x0000000019c42000
RBP=0x0000000000000000 is an unknown value
RSI=0x000000002089e5a8 is pointing into the stack for thread: 0x0000000019c42000
RDI=0x0000000000000000 is an unknown value
R8 =0x00000000001b1150 is an unknown value
R9 =0x000000000000005d is an unknown value
R10=0x000000000000001c is an unknown value
R11=0x00000000183c0060 is an unknown value
R12=0x00007fff6300d320 is an unknown value
R13=0x000000001c873768 is an unknown value
R14=0x000000001c874828 is an unknown value
R15=0x000000001c874060 is an unknown value


Stack: [0x00000000206a0000,0x00000000208a0000],  sp=0x000000002089e1e0,  free space=2040k
Native frames: (J=compiled Java code, j=interpreted, Vv=VM code, C=native code)


---------------  P R O C E S S  ---------------

Java Threads: ( => current thread )
  0x0000000027773800 JavaThread "Inactive RequestProcessor thread [Was:Logging Flush/org.netbeans.core.startup.logging.DispatchingHandler]" daemon [_thread_blocked, id=1860, stack(0x00000000224a0000,0x00000000226a0000)]
  0x0000000027778800 JavaThread "Swing-Shell" daemon [_thread_blocked, id=17496, stack(0x000000002ea20000,0x000000002ec20000)]
  0x0000000027770800 JavaThread "SwingWorker-pool-2-thread-2" daemon [_thread_blocked, id=5536, stack(0x00000000226a0000,0x00000000228a0000)]
  0x0000000027778000 JavaThread "Thread-5" [_thread_in_native, id=18408, stack(0x000000002b600000,0x000000002b800000)]
  0x0000000027775800 JavaThread "SwingWorker-pool-2-thread-1" daemon [_thread_blocked, id=11508, stack(0x0000000018a60000,0x0000000018c60000)]
  0x0000000027772000 JavaThread "TimerQueue" daemon [_thread_blocked, id=11708, stack(0x0000000029690000,0x0000000029890000)]
  0x0000000027776800 JavaThread "Thread-2" daemon [_thread_blocked, id=12328, stack(0x0000000029490000,0x0000000029690000)]
  0x0000000023831000 JavaThread "File Watcher" daemon [_thread_blocked, id=15204, stack(0x00000000288d0000,0x0000000028ad0000)]
  0x0000000022e1e000 JavaThread "org.netbeans.modules.debugger.jpda.visual AWT Access Loop" daemon [_thread_blocked, id=15512, stack(0x0000000024470000,0x0000000024670000)]
  0x0000000022ac5000 JavaThread "AWT-EventQueue-0" [_thread_blocked, id=1616, stack(0x0000000024270000,0x0000000024470000)]
  0x0000000022ab7000 JavaThread "AWT-Windows" daemon [_thread_in_native, id=18336, stack(0x0000000024070000,0x0000000024270000)]
  0x0000000022ab6000 JavaThread "AWT-Shutdown" [_thread_blocked, id=16480, stack(0x0000000023e70000,0x0000000024070000)]
  0x0000000022aa4800 JavaThread "Java2D Disposer" daemon [_thread_blocked, id=12248, stack(0x0000000023c70000,0x0000000023e70000)]
  0x0000000021fb5800 JavaThread "RequestProcessor queue manager" daemon [_thread_blocked, id=18032, stack(0x00000000228a0000,0x0000000022aa0000)]
  0x0000000021bf2000 JavaThread "CLI Requests Server" daemon [_thread_in_native, id=18292, stack(0x00000000222a0000,0x00000000224a0000)]
  0x0000000021b29000 JavaThread "Active Reference Queue Daemon" daemon [_thread_blocked, id=17324, stack(0x00000000220a0000,0x00000000222a0000)]
  0x0000000019ce7000 JavaThread "Service Thread" daemon [_thread_blocked, id=2216, stack(0x00000000214a0000,0x00000000216a0000)]
  0x0000000019c69800 JavaThread "C1 CompilerThread3" daemon [_thread_blocked, id=1816, stack(0x00000000212a0000,0x00000000214a0000)]
  0x0000000019c66800 JavaThread "C2 CompilerThread2" daemon [_thread_blocked, id=8860, stack(0x00000000210a0000,0x00000000212a0000)]
  0x0000000019c66000 JavaThread "C2 CompilerThread1" daemon [_thread_blocked, id=3564, stack(0x0000000020ea0000,0x00000000210a0000)]
  0x0000000019c5f800 JavaThread "C2 CompilerThread0" daemon [_thread_blocked, id=14616, stack(0x0000000020ca0000,0x0000000020ea0000)]
  0x0000000019c4e800 JavaThread "JDWP Event Helper Thread" daemon [_thread_blocked, id=15832, stack(0x00000000208a0000,0x0000000020aa0000)]
=>0x0000000019c42000 JavaThread "JDWP Transport Listener: dt_socket" daemon [_thread_in_native, id=16660, stack(0x00000000206a0000,0x00000000208a0000)]
  0x0000000019be1800 JavaThread "Attach Listener" daemon [_thread_blocked, id=17204, stack(0x00000000204a0000,0x00000000206a0000)]
  0x0000000019c3e000 JavaThread "Signal Dispatcher" daemon [_thread_blocked, id=8992, stack(0x00000000202a0000,0x00000000204a0000)]
  0x0000000002bbc000 JavaThread "Finalizer" daemon [_thread_blocked, id=16108, stack(0x000000001b7a0000,0x000000001b9a0000)]
  0x0000000002bb5800 JavaThread "Reference Handler" daemon [_thread_blocked, id=7356, stack(0x000000001b390000,0x000000001b590000)]
  0x00000000028ec000 JavaThread "main" [_thread_blocked, id=4932, stack(0x0000000000440000,0x0000000000640000)]

Other Threads:
  0x0000000019b93000 VMThread [stack: 0x000000001af90000,0x000000001b190000] [id=18184]
  0x0000000019d19800 WatcherThread [stack: 0x00000000216a0000,0x00000000218a0000] [id=14692]

VM state:not at safepoint (normal execution)

VM Mutex/Monitor currently owned by a thread: None

heap address: 0x0000000084400000, size: 1980 MB, Compressed Oops mode: 32-bit
Narrow klass base: 0x0000000000000000, Narrow klass shift: 3
Compressed class space size: 1073741824 Address: 0x0000000100000000

Heap:
 PSYoungGen      total 145920K, used 72189K [0x00000000d6c00000, 0x00000000e3700000, 0x0000000100000000)
  eden space 86528K, 75% used [0x00000000d6c00000,0x00000000dabc36f8,0x00000000dc080000)
  from space 59392K, 11% used [0x00000000dc080000,0x00000000dc73bf68,0x00000000dfa80000)
  to   space 56832K, 0% used [0x00000000dff80000,0x00000000dff80000,0x00000000e3700000)
 ParOldGen       total 211456K, used 67876K [0x0000000084400000, 0x0000000091280000, 0x00000000d6c00000)
  object space 211456K, 32% used [0x0000000084400000,0x0000000088649180,0x0000000091280000)
 Metaspace       used 63595K, capacity 68382K, committed 68864K, reserved 1107968K
  class space    used 8056K, capacity 9877K, committed 9984K, reserved 1048576K

Card table byte_map: [0x00000000122a0000,0x0000000012680000] byte_map_base: 0x0000000011e7e000

Marking Bits: (ParMarkBitMap*) 0x000000005f275ce0
 Begin Bits: [0x0000000013920000, 0x0000000015810000)
 End Bits:   [0x0000000015810000, 0x0000000017700000)

Polling page: 0x0000000002960000

CodeCache: size=245760Kb used=42670Kb max_used=42926Kb free=203089Kb
 bounds [0x0000000002dc0000, 0x0000000005820000, 0x0000000011dc0000]
 total_blobs=11793 nmethods=10947 adapters=762
 compilation: enabled

Compilation events (10 events):
Event: 4030.147 Thread 0x0000000019c69800 14589       3       com.flyfox.logplot.canvas.LogPlotCanvas::updateViewBottom (196 bytes)
Event: 4030.148 Thread 0x0000000019c69800 nmethod 14589 0x0000000004c48390 code [0x0000000004c48760, 0x0000000004c4aa68]
Event: 4030.153 Thread 0x0000000019c69800 14590       3       cif.baseutil.array.LongArray::getArray (23 bytes)
Event: 4030.153 Thread 0x0000000019c69800 nmethod 14590 0x0000000004053fd0 code [0x0000000004054140, 0x00000000040543e8]
Event: 4030.163 Thread 0x0000000019c69800 14591   !   3       java.awt.KeyboardFocusManager::getFocusedWindow (42 bytes)
Event: 4030.163 Thread 0x0000000019c69800 nmethod 14591 0x00000000041355d0 code [0x0000000004135760, 0x0000000004135bc8]
Event: 4031.664 Thread 0x0000000019c69800 14592       3       org.netbeans.modules.masterfs.watcher.Watcher::ext (26 bytes)
Event: 4031.664 Thread 0x0000000019c69800 nmethod 14592 0x0000000003048950 code [0x0000000003048ae0, 0x0000000003048e58]
Event: 4031.665 Thread 0x0000000019c69800 14593       3       org.openide.util.CharSequences$Fixed_0_7::charAt (142 bytes)
Event: 4031.665 Thread 0x0000000019c69800 nmethod 14593 0x0000000003fb1e50 code [0x0000000003fb1fc0, 0x0000000003fb2250]

GC Heap History (10 events):
Event: 3479.439 GC heap before
{Heap before GC invocations=165 (full 4):
 PSYoungGen      total 137216K, used 70304K [0x00000000d6c00000, 0x00000000e3480000, 0x0000000100000000)
  eden space 69632K, 100% used [0x00000000d6c00000,0x00000000db000000,0x00000000db000000)
  from space 67584K, 0% used [0x00000000df200000,0x00000000df2a8000,0x00000000e3400000)
  to   space 67584K, 0% used [0x00000000db000000,0x00000000db000000,0x00000000df200000)
 ParOldGen       total 211456K, used 67876K [0x0000000084400000, 0x0000000091280000, 0x00000000d6c00000)
  object space 211456K, 32% used [0x0000000084400000,0x0000000088649180,0x0000000091280000)
 Metaspace       used 63455K, capacity 68222K, committed 68608K, reserved 1107968K
  class space    used 8034K, capacity 9845K, committed 9984K, reserved 1048576K
Event: 3479.441 GC heap after
Heap after GC invocations=165 (full 4):
 PSYoungGen      total 137216K, used 704K [0x00000000d6c00000, 0x00000000e3a80000, 0x0000000100000000)
  eden space 69632K, 0% used [0x00000000d6c00000,0x00000000d6c00000,0x00000000db000000)
  from space 67584K, 1% used [0x00000000db000000,0x00000000db0b0000,0x00000000df200000)
  to   space 66560K, 0% used [0x00000000df980000,0x00000000df980000,0x00000000e3a80000)
 ParOldGen       total 211456K, used 67876K [0x0000000084400000, 0x0000000091280000, 0x00000000d6c00000)
  object space 211456K, 32% used [0x0000000084400000,0x0000000088649180,0x0000000091280000)
 Metaspace       used 63455K, capacity 68222K, committed 68608K, reserved 1107968K
  class space    used 8034K, capacity 9845K, committed 9984K, reserved 1048576K
}
Event: 3479.540 GC heap before
{Heap before GC invocations=166 (full 4):
 PSYoungGen      total 137216K, used 70336K [0x00000000d6c00000, 0x00000000e3a80000, 0x0000000100000000)
  eden space 69632K, 100% used [0x00000000d6c00000,0x00000000db000000,0x00000000db000000)
  from space 67584K, 1% used [0x00000000db000000,0x00000000db0b0000,0x00000000df200000)
  to   space 66560K, 0% used [0x00000000df980000,0x00000000df980000,0x00000000e3a80000)
 ParOldGen       total 211456K, used 67876K [0x0000000084400000, 0x0000000091280000, 0x00000000d6c00000)
  object space 211456K, 32% used [0x0000000084400000,0x0000000088649180,0x0000000091280000)
 Metaspace       used 63456K, capacity 68222K, committed 68608K, reserved 1107968K
  class space    used 8034K, capacity 9845K, committed 9984K, reserved 1048576K
Event: 3479.542 GC heap after
Heap after GC invocations=166 (full 4):
 PSYoungGen      total 142848K, used 640K [0x00000000d6c00000, 0x00000000e3800000, 0x0000000100000000)
  eden space 78848K, 0% used [0x00000000d6c00000,0x00000000d6c00000,0x00000000db900000)
  from space 64000K, 1% used [0x00000000df980000,0x00000000dfa20000,0x00000000e3800000)
  to   space 65024K, 0% used [0x00000000db900000,0x00000000db900000,0x00000000df880000)
 ParOldGen       total 211456K, used 67876K [0x0000000084400000, 0x0000000091280000, 0x00000000d6c00000)
  object space 211456K, 32% used [0x0000000084400000,0x0000000088649180,0x0000000091280000)
 Metaspace       used 63456K, capacity 68222K, committed 68608K, reserved 1107968K
  class space    used 8034K, capacity 9845K, committed 9984K, reserved 1048576K
}
Event: 3581.458 GC heap before
{Heap before GC invocations=167 (full 4):
 PSYoungGen      total 142848K, used 79372K [0x00000000d6c00000, 0x00000000e3800000, 0x0000000100000000)
  eden space 78848K, 99% used [0x00000000d6c00000,0x00000000db8e33d8,0x00000000db900000)
  from space 64000K, 1% used [0x00000000df980000,0x00000000dfa20000,0x00000000e3800000)
  to   space 65024K, 0% used [0x00000000db900000,0x00000000db900000,0x00000000df880000)
 ParOldGen       total 211456K, used 67876K [0x0000000084400000, 0x0000000091280000, 0x00000000d6c00000)
  object space 211456K, 32% used [0x0000000084400000,0x0000000088649180,0x0000000091280000)
 Metaspace       used 63487K, capacity 68222K, committed 68608K, reserved 1107968K
  class space    used 8034K, capacity 9845K, committed 9984K, reserved 1048576K
Event: 3581.462 GC heap after
Heap after GC invocations=167 (full 4):
 PSYoungGen      total 143872K, used 4299K [0x00000000d6c00000, 0x00000000e3c00000, 0x0000000100000000)
  eden space 78848K, 0% used [0x00000000d6c00000,0x00000000d6c00000,0x00000000db900000)
  from space 65024K, 6% used [0x00000000db900000,0x00000000dbd32eb8,0x00000000df880000)
  to   space 62464K, 0% used [0x00000000dff00000,0x00000000dff00000,0x00000000e3c00000)
 ParOldGen       total 211456K, used 67876K [0x0000000084400000, 0x0000000091280000, 0x00000000d6c00000)
  object space 211456K, 32% used [0x0000000084400000,0x0000000088649180,0x0000000091280000)
 Metaspace       used 63487K, capacity 68222K, committed 68608K, reserved 1107968K
  class space    used 8034K, capacity 9845K, committed 9984K, reserved 1048576K
}
Event: 3864.176 GC heap before
{Heap before GC invocations=168 (full 4):
 PSYoungGen      total 143872K, used 83147K [0x00000000d6c00000, 0x00000000e3c00000, 0x0000000100000000)
  eden space 78848K, 100% used [0x00000000d6c00000,0x00000000db900000,0x00000000db900000)
  from space 65024K, 6% used [0x00000000db900000,0x00000000dbd32eb8,0x00000000df880000)
  to   space 62464K, 0% used [0x00000000dff00000,0x00000000dff00000,0x00000000e3c00000)
 ParOldGen       total 211456K, used 67876K [0x0000000084400000, 0x0000000091280000, 0x00000000d6c00000)
  object space 211456K, 32% used [0x0000000084400000,0x0000000088649180,0x0000000091280000)
 Metaspace       used 63505K, capacity 68286K, committed 68608K, reserved 1107968K
  class space    used 8039K, capacity 9845K, committed 9984K, reserved 1048576K
Event: 3864.185 GC heap after
Heap after GC invocations=168 (full 4):
 PSYoungGen      total 141312K, used 20121K [0x00000000d6c00000, 0x00000000e3480000, 0x0000000100000000)
  eden space 86528K, 0% used [0x00000000d6c00000,0x00000000d6c00000,0x00000000dc080000)
  from space 54784K, 36% used [0x00000000dff00000,0x00000000e12a6428,0x00000000e3480000)
  to   space 59392K, 0% used [0x00000000dc080000,0x00000000dc080000,0x00000000dfa80000)
 ParOldGen       total 211456K, used 67876K [0x0000000084400000, 0x0000000091280000, 0x00000000d6c00000)
  object space 211456K, 32% used [0x0000000084400000,0x0000000088649180,0x0000000091280000)
 Metaspace       used 63505K, capacity 68286K, committed 68608K, reserved 1107968K
  class space    used 8039K, capacity 9845K, committed 9984K, reserved 1048576K
}
Event: 3871.637 GC heap before
{Heap before GC invocations=169 (full 4):
 PSYoungGen      total 141312K, used 106323K [0x00000000d6c00000, 0x00000000e3480000, 0x0000000100000000)
  eden space 86528K, 99% used [0x00000000d6c00000,0x00000000dc02eb20,0x00000000dc080000)
  from space 54784K, 36% used [0x00000000dff00000,0x00000000e12a6428,0x00000000e3480000)
  to   space 59392K, 0% used [0x00000000dc080000,0x00000000dc080000,0x00000000dfa80000)
 ParOldGen       total 211456K, used 67876K [0x0000000084400000, 0x0000000091280000, 0x00000000d6c00000)
  object space 211456K, 32% used [0x0000000084400000,0x0000000088649180,0x0000000091280000)
 Metaspace       used 63564K, capacity 68318K, committed 68608K, reserved 1107968K
  class space    used 8051K, capacity 9877K, committed 9984K, reserved 1048576K
Event: 3871.641 GC heap after
Heap after GC invocations=169 (full 4):
 PSYoungGen      total 145920K, used 6895K [0x00000000d6c00000, 0x00000000e3700000, 0x0000000100000000)
  eden space 86528K, 0% used [0x00000000d6c00000,0x00000000d6c00000,0x00000000dc080000)
  from space 59392K, 11% used [0x00000000dc080000,0x00000000dc73bf68,0x00000000dfa80000)
  to   space 56832K, 0% used [0x00000000dff80000,0x00000000dff80000,0x00000000e3700000)
 ParOldGen       total 211456K, used 67876K [0x0000000084400000, 0x0000000091280000, 0x00000000d6c00000)
  object space 211456K, 32% used [0x0000000084400000,0x0000000088649180,0x0000000091280000)
 Metaspace       used 63564K, capacity 68318K, committed 68608K, reserved 1107968K
  class space    used 8051K, capacity 9877K, committed 9984K, reserved 1048576K
}

Deoptimization events (10 events):
Event: 3442.022 Thread 0x0000000022ac5000 Uncommon trap: reason=class_check action=maybe_recompile pc=0x00000000030259a4 method=java.awt.Component.getBounds(Ljava/awt/Rectangle;)Ljava/awt/Rectangle; @ 30
Event: 3442.118 Thread 0x0000000022ac5000 Uncommon trap: reason=unstable_if action=reinterpret pc=0x0000000004969464 method=sun.awt.GlobalCursorManager._updateCursor(Z)V @ 50
Event: 3442.120 Thread 0x0000000022ac5000 Uncommon trap: reason=unstable_if action=reinterpret pc=0x0000000004ed6ee8 method=javax.swing.SwingUtilities.convertPointToScreen(Ljava/awt/Point;Ljava/awt/Component;)V @ 32
Event: 3445.402 Thread 0x0000000027771000 Uncommon trap: reason=predicate action=maybe_recompile pc=0x0000000003fb58f8 method=sun.awt.image.PNGImageDecoder.produceImage()V @ 870
Event: 3453.661 Thread 0x0000000022ac5000 Uncommon trap: reason=bimorphic action=maybe_recompile pc=0x000000000437143c method=com.sun.java.swing.plaf.windows.WindowsLookAndFeel$XPValue.recursiveCreateValue(Ljava/lang/Object;Ljavax/swing/UIDefaults;)Ljava/lang/Object; @ 30
Event: 3477.372 Thread 0x0000000022ac5000 Uncommon trap: reason=unstable_if action=reinterpret pc=0x0000000004c46ff4 method=sun.util.locale.provider.LocaleResources.removeEmptyReferences()V @ 9
Event: 3479.144 Thread 0x0000000022ac5000 Uncommon trap: reason=unstable_if action=reinterpret pc=0x000000000557ea80 method=com.flyfox.logplot.shape.track.Track.drawCurve(Lcom/interactive/jcarnac2d/model/interfaces/cgShapeRenderer;Lcom/interactive/jcarnac2d/util/cgRect;[D)V @ 12
Event: 3479.238 Thread 0x0000000022ac5000 Uncommon trap: reason=null_check action=make_not_entrant pc=0x00000000055f88ac method=org.netbeans.core.windows.view.dnd.TopComponentDragSupport.eventDispatched(Ljava/awt/AWTEvent;)V @ 387
Event: 3867.289 Thread 0x0000000022ac5000 Uncommon trap: reason=class_check action=maybe_recompile pc=0x0000000004ecda64 method=org.openide.util.WeakSet$SharedKeyWeakHashMap.getEntry(Ljava/lang/Object;)Lorg/openide/util/WeakSet$SharedKeyWeakHashMap$Entry; @ 6
Event: 3867.302 Thread 0x0000000022ac5000 Uncommon trap: reason=unstable_if action=reinterpret pc=0x0000000005148984 method=java.awt.geom.AffineTransform.updateState()V @ 157

Classes redefined (10 events):
Event: 116.304 Thread 0x0000000019b93000 redefined class name=cif.mllearning.components.PlotPanel, count=1
Event: 124.011 Thread 0x0000000019b93000 redefined class name=cif.mllearning.components.PlotPanel, count=2
Event: 145.643 Thread 0x0000000019b93000 redefined class name=cif.mllearning.components.PlotPanel, count=3
Event: 761.599 Thread 0x0000000019b93000 redefined class name=cif.mllearning.components.PlotPanel, count=4
Event: 812.915 Thread 0x0000000019b93000 redefined class name=cif.mllearning.components.PlotPanel, count=5
Event: 845.803 Thread 0x0000000019b93000 redefined class name=cif.mllearning.components.PlotPanel, count=6
Event: 915.456 Thread 0x0000000019b93000 redefined class name=cif.mllearning.components.PlotPanel, count=7
Event: 939.500 Thread 0x0000000019b93000 redefined class name=cif.mllearning.components.PlotPanel, count=8
Event: 1313.761 Thread 0x0000000019b93000 redefined class name=cif.mllearning.components.PlotPanel, count=9
Event: 1338.522 Thread 0x0000000019b93000 redefined class name=cif.mllearning.components.PlotPanel, count=10

Internal exceptions (10 events):
Event: 1339.596 Thread 0x0000000022ac5000 Implicit null exception at 0x0000000003207db1 to 0x0000000003208225
Event: 1339.599 Thread 0x0000000022ac5000 Implicit null exception at 0x0000000004ed86db to 0x0000000004ed8e25
Event: 1339.600 Thread 0x0000000022ac5000 Implicit null exception at 0x00000000036bc8aa to 0x00000000036bc989
Event: 3064.411 Thread 0x0000000022ac5000 Implicit null exception at 0x00000000048ff350 to 0x00000000048ff38d
Event: 3440.991 Thread 0x0000000022ac5000 Implicit null exception at 0x0000000004c3851c to 0x0000000004c3cc3d
Event: 3440.991 Thread 0x0000000022ac5000 Implicit null exception at 0x0000000004c3851c to 0x0000000004c3cc3d
Event: 3441.006 Thread 0x0000000022ac5000 Implicit null exception at 0x0000000004e5fcec to 0x0000000004e5fda6
Event: 3441.939 Thread 0x0000000022ac5000 Implicit null exception at 0x00000000048266b8 to 0x0000000004828a8d
Event: 3442.017 Thread 0x0000000022ac5000 Implicit null exception at 0x000000000463ac56 to 0x000000000463b1f1
Event: 3479.238 Thread 0x0000000022ac5000 Implicit null exception at 0x00000000055f7f80 to 0x00000000055f88a1

Events (10 events):
Event: 4030.156 Thread 0x0000000022ac5000 DEOPT PACKING pc=0x00000000050e40bc sp=0x0000000024469d60
Event: 4030.156 Thread 0x0000000022ac5000 DEOPT UNPACKING pc=0x0000000002e07890 sp=0x0000000024469ac0 mode 1
Event: 4030.163 Thread 0x0000000027773800 Thread added: 0x0000000027773800
Event: 4030.163 Thread 0x0000000019c69800 flushing nmethod 0x0000000003acc6d0
Event: 4031.664 Executing VM operation: RevokeBias
Event: 4031.664 Executing VM operation: RevokeBias done
Event: 4031.665 Thread 0x0000000019c69800 flushing nmethod 0x0000000003dbd7d0
Event: 4031.665 Thread 0x0000000019c69800 flushing nmethod 0x0000000003fee7d0
Event: 4031.666 Thread 0x0000000019c69800 flushing nmethod 0x0000000004019590
Event: 4048.971 Thread 0x0000000019c4f800 Thread exited: 0x0000000019c4f800


Dynamic libraries:
0x0000000000400000 - 0x000000000043a000 	E:\NetbeansWorkspace\CIFLog Publish\ciflog\platform\lib\nbexec64.exe
0x00007fffa1240000 - 0x00007fffa1430000 	C:\Windows\SYSTEM32\ntdll.dll
0x00007fffa01d0000 - 0x00007fffa0282000 	C:\Windows\System32\KERNEL32.DLL
0x00007fff9e630000 - 0x00007fff9e8d3000 	C:\Windows\System32\KERNELBASE.dll
0x00007fff9fb70000 - 0x00007fff9fc13000 	C:\Windows\System32\ADVAPI32.dll
0x00007fffa0050000 - 0x00007fffa00ee000 	C:\Windows\System32\msvcrt.dll
0x00007fff9f7c0000 - 0x00007fff9f857000 	C:\Windows\System32\sechost.dll
0x00007fffa10e0000 - 0x00007fffa1200000 	C:\Windows\System32\RPCRT4.dll
0x00007fffa0290000 - 0x00007fffa0424000 	C:\Windows\System32\USER32.dll
0x00007fff9e490000 - 0x00007fff9e4b1000 	C:\Windows\System32\win32u.dll
0x00007fffa00f0000 - 0x00007fffa0116000 	C:\Windows\System32\GDI32.dll
0x00007fff9e250000 - 0x00007fff9e3e4000 	C:\Windows\System32\gdi32full.dll
0x00007fff9e3f0000 - 0x00007fff9e48e000 	C:\Windows\System32\msvcp_win.dll
0x00007fff9e8e0000 - 0x00007fff9e9da000 	C:\Windows\System32\ucrtbase.dll
0x00007fffa0d30000 - 0x00007fffa0d5e000 	C:\Windows\System32\IMM32.DLL
0x000000005e410000 - 0x000000005e8c4000 	E:\NetbeansWorkspace\CIFLog Publish\ciflog\platform\lib\nbexec64.dll
0x000000005ea50000 - 0x000000005f2f5000 	E:\Environment\JDK\jdk-8\jre\bin\server\jvm.dll
0x00007fffa0d20000 - 0x00007fffa0d28000 	C:\Windows\System32\PSAPI.DLL
0x00007fff93f60000 - 0x00007fff93f6a000 	C:\Windows\SYSTEM32\VERSION.dll
0x00007fff86980000 - 0x00007fff86989000 	C:\Windows\SYSTEM32\WSOCK32.dll
0x00007fff853d0000 - 0x00007fff853f4000 	C:\Windows\SYSTEM32\WINMM.dll
0x000000005e970000 - 0x000000005ea42000 	E:\Environment\JDK\jdk-8\jre\bin\MSVCR100.dll
0x00007fff9fc20000 - 0x00007fff9fc8f000 	C:\Windows\System32\WS2_32.dll
0x00007fff8d140000 - 0x00007fff8d16d000 	C:\Windows\SYSTEM32\WINMMBASE.dll
0x00007fff9e1d0000 - 0x00007fff9e21a000 	C:\Windows\System32\cfgmgr32.dll
0x00007fff7ff30000 - 0x00007fff7ff69000 	E:\Environment\JDK\jdk-8\jre\bin\splashscreen.dll
0x00007fff80010000 - 0x00007fff8001f000 	E:\Environment\JDK\jdk-8\jre\bin\verify.dll
0x00007fff993e0000 - 0x00007fff99479000 	C:\Windows\system32\uxtheme.dll
0x00007fff9fd10000 - 0x00007fffa0046000 	C:\Windows\System32\combase.dll
0x00007fff9ea40000 - 0x00007fff9eac0000 	C:\Windows\System32\bcryptPrimitives.dll
0x00007fff7ff00000 - 0x00007fff7ff29000 	E:\Environment\JDK\jdk-8\jre\bin\java.dll
0x00007fffa0430000 - 0x00007fffa0565000 	C:\Windows\System32\MSCTF.dll
0x00007fff9f940000 - 0x00007fff9fa04000 	C:\Windows\System32\OLEAUT32.dll
0x00007fff94d00000 - 0x00007fff94d35000 	E:\Environment\JDK\jdk-8\jre\bin\jdwp.dll
0x00007fff979b0000 - 0x00007fff979b8000 	E:\Environment\JDK\jdk-8\jre\bin\npt.dll
0x00007fff7fee0000 - 0x00007fff7fef6000 	E:\Environment\JDK\jdk-8\jre\bin\zip.dll
0x00007fff9e190000 - 0x00007fff9e1a1000 	C:\Windows\System32\kernel.appcore.dll
0x00007fff75c70000 - 0x00007fff75d0e000 	C:\Windows\System32\TextInputFramework.dll
0x00007fff99010000 - 0x00007fff990e4000 	C:\Windows\System32\CoreMessaging.dll
0x00007fff7a7d0000 - 0x00007fff7aafa000 	C:\Windows\System32\CoreUIComponents.dll
0x00007fffa0c60000 - 0x00007fffa0d09000 	C:\Windows\System32\SHCORE.dll
0x00007fff9d170000 - 0x00007fff9d1a1000 	C:\Windows\SYSTEM32\ntmarta.dll
0x00007fff969e0000 - 0x00007fff96b33000 	C:\Windows\SYSTEM32\wintypes.dll
0x00007fff8ff30000 - 0x00007fff901d6000 	C:\Windows\System32\iertutil.dll
0x00007fff9fa10000 - 0x00007fff9fb66000 	C:\Windows\System32\ole32.dll
0x00007fffa0120000 - 0x00007fffa01c2000 	C:\Windows\System32\clbcatq.dll
0x00007fff65080000 - 0x00007fff65269000 	C:\Windows\system32\SogouTSF.ime
0x00007fffa0570000 - 0x00007fffa0c55000 	C:\Windows\System32\SHELL32.dll
0x00007fff710e0000 - 0x00007fff710e7000 	C:\Windows\system32\MSIMG32.dll
0x00007fff9eb70000 - 0x00007fff9f2ef000 	C:\Windows\System32\windows.storage.dll
0x00007fff9e1b0000 - 0x00007fff9e1cf000 	C:\Windows\System32\profapi.dll
0x00007fff9e120000 - 0x00007fff9e16a000 	C:\Windows\System32\powrprof.dll
0x00007fff9e110000 - 0x00007fff9e120000 	C:\Windows\System32\UMPDC.dll
0x00007fffa0d60000 - 0x00007fffa0db2000 	C:\Windows\System32\shlwapi.dll
0x00007fff9e610000 - 0x00007fff9e627000 	C:\Windows\System32\cryptsp.dll
0x00007fff64360000 - 0x00007fff64be4000 	C:\Windows\system32\SogouPy.ime
0x00007fff967c0000 - 0x00007fff968b0000 	C:\Windows\SYSTEM32\WINHTTP.dll
0x00007fff8cbf0000 - 0x00007fff8cc55000 	C:\Windows\SYSTEM32\OLEACC.dll
0x000000001c4d0000 - 0x000000001c5ed000 	D:\Programs\SogouInput\9.5.0.3399\Resource.dll
0x00007fff99750000 - 0x00007fff9977d000 	C:\Windows\SYSTEM32\dwmapi.dll
0x00007fff62e40000 - 0x00007fff630a9000 	D:\Programs\SogouInput\Components\PicFace\1.1.0.1867\PicFace64.dll
0x00007fffa0e60000 - 0x00007fffa0f30000 	C:\Windows\System32\COMDLG32.dll
0x00007fff89400000 - 0x00007fff89685000 	C:\Windows\WinSxS\amd64_microsoft.windows.common-controls_6595b64144ccf1df_6.0.18362.535_none_e6c3b34713100821\COMCTL32.dll
0x00007fff94e80000 - 0x00007fff94e89000 	E:\Environment\JDK\jdk-8\jre\bin\dt_socket.dll
0x00007fff9d980000 - 0x00007fff9d9e7000 	C:\Windows\system32\mswsock.dll
0x00007fff7fec0000 - 0x00007fff7feda000 	E:\Environment\JDK\jdk-8\jre\bin\net.dll
0x00007fff901e0000 - 0x00007fff903b6000 	C:\Windows\SYSTEM32\urlmon.dll
0x00007fff9db50000 - 0x00007fff9db5c000 	C:\Windows\SYSTEM32\CRYPTBASE.DLL
0x00007fff7fea0000 - 0x00007fff7feb2000 	E:\Environment\JDK\jdk-8\jre\bin\nio.dll
0x00007fff9d690000 - 0x00007fff9d6ca000 	C:\Windows\SYSTEM32\IPHLPAPI.DLL
0x00007fff9fc90000 - 0x00007fff9fc98000 	C:\Windows\System32\NSI.dll
0x00007fff93a20000 - 0x00007fff93a36000 	C:\Windows\SYSTEM32\dhcpcsvc6.DLL
0x00007fff93a00000 - 0x00007fff93a1c000 	C:\Windows\SYSTEM32\dhcpcsvc.DLL
0x00007fff9d6d0000 - 0x00007fff9d79a000 	C:\Windows\SYSTEM32\DNSAPI.dll
0x00007fff7f800000 - 0x00007fff7f999000 	E:\Environment\JDK\jdk-8\jre\bin\awt.dll
0x00007fff99220000 - 0x00007fff992af000 	C:\Windows\SYSTEM32\apphelp.dll
0x00007fff9d4f0000 - 0x00007fff9d523000 	C:\Windows\system32\rsaenh.dll
0x00007fff9e220000 - 0x00007fff9e246000 	C:\Windows\System32\bcrypt.dll
0x00007fff9e030000 - 0x00007fff9e055000 	C:\Windows\SYSTEM32\USERENV.dll
0x00007fff76d00000 - 0x00007fff76d16000 	C:\Windows\system32\napinsp.dll
0x00007fff76ce0000 - 0x00007fff76cfa000 	C:\Windows\system32\pnrpnsp.dll
0x00007fff76cd0000 - 0x00007fff76cde000 	C:\Windows\System32\winrnr.dll
0x00007fff97b70000 - 0x00007fff97b8c000 	C:\Windows\system32\NLAapi.dll
0x00007fff968b0000 - 0x00007fff968c5000 	C:\Windows\system32\wshbth.dll
0x00007fff94cd0000 - 0x00007fff94cda000 	C:\Windows\System32\rasadhlp.dll
0x00007fff93670000 - 0x00007fff936e7000 	C:\Windows\System32\fwpuclnt.dll
0x00007fff74bb0000 - 0x00007fff74d06000 	C:\Windows\system32\opengl32.dll
0x00007fff75f50000 - 0x00007fff75f7c000 	C:\Windows\SYSTEM32\GLU32.dll
0x00007fff9cd80000 - 0x00007fff9cda0000 	C:\Windows\SYSTEM32\dxcore.dll
0x00007fff7fc80000 - 0x00007fff7fcc9000 	E:\Environment\JDK\jdk-8\jre\bin\fontmanager.dll
0x00007fff7fc30000 - 0x00007fff7fc72000 	E:\Environment\JDK\jdk-8\jre\bin\t2k.dll
0x0000000180000000 - 0x0000000180038000 	E:\NetbeansWorkspace\CIFLog Publish\ciflog\platform\modules\lib\amd64\jnidispatch-410.dll
0x00007fff7a620000 - 0x00007fff7a7cf000 	C:\Windows\SYSTEM32\WindowsCodecs.dll
0x00007fff8a9c0000 - 0x00007fff8a9fa000 	C:\Windows\system32\dataexchange.dll
0x00007fff98860000 - 0x00007fff98abb000 	C:\Windows\system32\d3d11.dll
0x00007fff98ac0000 - 0x00007fff98c9b000 	C:\Windows\system32\dcomp.dll
0x00007fff9ce10000 - 0x00007fff9cefb000 	C:\Windows\system32\dxgi.dll
0x00007fff994d0000 - 0x00007fff9972a000 	C:\Windows\system32\twinapi.appcore.dll
0x00007fff999e0000 - 0x00007fff99a09000 	C:\Windows\system32\RMCLIENT.dll
0x00007fff97cd0000 - 0x00007fff97cdd000 	E:\Environment\JDK\jdk-8\jre\bin\management.dll
0x00007fff70ed0000 - 0x00007fff70f79000 	C:\Windows\WinSxS\amd64_microsoft.windows.common-controls_6595b64144ccf1df_5.82.18362.535_none_2a26181e466b3888\comctl32.dll
0x00007fff97200000 - 0x00007fff972ef000 	C:\Windows\System32\PROPSYS.dll
0x00007fff8a950000 - 0x00007fff8a973000 	C:\Windows\System32\edputil.dll
0x00007fff84230000 - 0x00007fff84365000 	C:\Windows\System32\Windows.StateRepositoryPS.dll
0x00007fff9e000000 - 0x00007fff9e02f000 	C:\Windows\SYSTEM32\SspiCli.dll
0x00007fff8fb40000 - 0x00007fff8fb60000 	C:\Windows\System32\CLDAPI.dll
0x00007fff90fd0000 - 0x00007fff90fda000 	C:\Windows\System32\FLTLIB.DLL
0x00007fff70830000 - 0x00007fff708c3000 	C:\Windows\System32\appresolver.dll
0x00007fff74030000 - 0x00007fff7408d000 	C:\Windows\System32\Bcp47Langs.dll
0x00007fff9d020000 - 0x00007fff9d047000 	C:\Windows\System32\SLC.dll
0x00007fff9cff0000 - 0x00007fff9d016000 	C:\Windows\System32\sppc.dll
0x00007fff76040000 - 0x00007fff760b9000 	C:\Windows\System32\OneCoreCommonProxyStub.dll
0x00007fff88c90000 - 0x00007fff893fd000 	C:\Windows\System32\OneCoreUAPCommonProxyStub.dll
0x00007fff94e40000 - 0x00007fff94e56000 	C:\Windows\system32\NetworkExplorer.dll
0x00007fff801e0000 - 0x00007fff8020a000 	E:\Environment\JDK\jdk-8\jre\bin\dcpr.dll
0x00007fff8a490000 - 0x00007fff8a633000 	C:\Windows\WinSxS\amd64_microsoft.windows.gdiplus_6595b64144ccf1df_1.1.18362.535_none_17aea62c6da281ef\gdiplus.dll
0x00007fff97680000 - 0x00007fff97874000 	C:\Windows\SYSTEM32\DbgHelp.dll
0x00007fff8d180000 - 0x00007fff8d1aa000 	C:\Windows\SYSTEM32\dbgcore.DLL

VM Arguments:
jvm_args: -Dnetbeans.logger.console=true -ea -Xdebug -Xrunjdwp:transport=dt_socket,suspend=y,server=n,address=127.0.0.1:50600 -Djdk.home=E:\Environment\JDK\jdk-8 -splash:E:\NetbeansWorkspace\CIFLog Publish\MLLearning\build\testuserdir\var\cache\splash.png -Dnetbeans.home=E:\NetbeansWorkspace\CIFLog Publish\ciflog\platform -Dnetbeans.user=E:\NetbeansWorkspace\CIFLog Publish\MLLearning\build\testuserdir -Dnetbeans.default_userdir_root= -XX:+HeapDumpOnOutOfMemoryError -XX:HeapDumpPath=E:\NetbeansWorkspace\CIFLog Publish\MLLearning\build\testuserdir\var\log\heapdump.hprof -Dsun.awt.keepWorkingSetOnMinimize=true -Dnetbeans.dirs=E:\NetbeansWorkspace\CIFLog Publish\MLLearning\build\cluster;E:\NetbeansWorkspace\CIFLog Publish\ciflog\ciflog;E:\NetbeansWorkspace\CIFLog Publish\ciflog\platform exit 
java_command: <unknown>
java_class_path (initial): E:\NetbeansWorkspace\CIFLog Publish\ciflog\platform\lib\boot.jar;E:\NetbeansWorkspace\CIFLog Publish\ciflog\platform\lib\org-openide-modules.jar;E:\NetbeansWorkspace\CIFLog Publish\ciflog\platform\lib\org-openide-util-lookup.jar;E:\NetbeansWorkspace\CIFLog Publish\ciflog\platform\lib\org-openide-util-ui.jar;E:\NetbeansWorkspace\CIFLog Publish\ciflog\platform\lib\org-openide-util.jar;E:\NetbeansWorkspace\CIFLog Publish\ciflog\platform\lib\locale\boot_ja.jar;E:\NetbeansWorkspace\CIFLog Publish\ciflog\platform\lib\locale\boot_pt_BR.jar;E:\NetbeansWorkspace\CIFLog Publish\ciflog\platform\lib\locale\boot_ru.jar;E:\NetbeansWorkspace\CIFLog Publish\ciflog\platform\lib\locale\boot_zh_CN.jar;E:\NetbeansWorkspace\CIFLog Publish\ciflog\platform\lib\locale\org-openide-modules_ja.jar;E:\NetbeansWorkspace\CIFLog Publish\ciflog\platform\lib\locale\org-openide-modules_pt_BR.jar;E:\NetbeansWorkspace\CIFLog Publish\ciflog\platform\lib\locale\org-openide-modules_ru.jar;E:\NetbeansWorkspace\CIFLog Publish\ciflog\platform\lib\locale\org-openide-modules_zh_CN.jar;E:\NetbeansWorkspace\CIFLog Publish\ciflog\platform\lib\locale\org-openide-util-lookup_ja.jar;E:\NetbeansWorkspace\CIFLog Publish\ciflog\platform\lib\locale\org-openide-util-lookup_pt_BR.jar;E:\NetbeansWorkspace\CIFLog Publish\ciflog\platform\lib\locale\org-openide-util-lookup_ru.jar;E:\NetbeansWorkspace\CIFLog Publish\ciflog\platform\lib\locale\org-openide-util-lookup_zh_CN.jar;E:\NetbeansWorkspace\CIFLog Publish\ciflog\platform\lib\locale\org-openide-util-ui_ja.jar;E:\NetbeansWorkspace\CIFLog Publish\ciflog\platform\lib\locale\org-openide-util-ui_pt_BR.jar;E:\NetbeansWorkspace\CIFLog Publish\ciflog\platform\lib\locale\org-openide-util-ui_ru.jar;E:\NetbeansWorkspace\CIFLog Publish\ciflog\platform\lib\locale\org-openide-util-ui_zh_CN.jar;E:\NetbeansWorkspace\CIFLog Publish\ciflog\platform\lib\locale\org-openide-util_ja.jar;E:\NetbeansWorkspace\CIFLog Publish\ciflog\platform\lib\locale\org-openide-uti
Launcher Type: generic

Environment Variables:
JAVA_HOME=E:\Environment\JDK\jdk-8
PATH=C:\Program Files (x86)\Common Files\Oracle\Java\javapath;C:\Windows\system32;C:\Windows;C:\Windows\System32\Wbem;C:\Windows\System32\WindowsPowerShell\v1.0\;C:\Windows\System32\OpenSSH\;E:\Environment\JDK\jdk-8\bin;E:\Environment\JDK\jdk-8\jre\bin;D:\Programs\Git\cmd;E:\Environment\Go\bin;C:\Program Files\MySQL\MySQL Shell 8.0\bin\;C:\Users\10797\go\bin;D:\Programs\MikTex\miktex\bin\x64\;C:\Users\10797\AppData\Local\GitHubDesktop\bin
USERNAME=10797
OS=Windows_NT
PROCESSOR_IDENTIFIER=Intel64 Family 6 Model 158 Stepping 10, GenuineIntel



---------------  S Y S T E M  ---------------

OS: Windows 10.0 , 64 bit Build 18362 (10.0.18362.329)

CPU:total 8 (initial active 8) (4 cores per cpu, 2 threads per core) family 6 model 158 stepping 10, cmov, cx8, fxsr, mmx, sse, sse2, sse3, ssse3, sse4.1, sse4.2, popcnt, avx, avx2, aes, clmul, erms, 3dnowpref, lzcnt, ht, tsc, tscinvbit, bmi1, bmi2, adx

Memory: 4k page, physical 8109888k(1723984k free), swap 15187776k(5075432k free)

vm_info: Java HotSpot(TM) 64-Bit Server VM (25.221-b11) for windows-amd64 JRE (1.8.0_221-b11), built on Jul  4 2019 04:39:29 by "java_re" with MS VC++ 10.0 (VS2010)

time: Mon Dec 16 15:14:52 2019
timezone: 中国标准时间
elapsed time: 4049 seconds (0d 1h 7m 29s)

