#
# A fatal error has been detected by the Java Runtime Environment:
#
#  EXCEPTION_UNCAUGHT_CXX_EXCEPTION (0xe06d7363) at pc=0x00007fff9e66a839, pid=25272, tid=0x0000000000004b60
#
# JRE version: Java(TM) SE Runtime Environment (8.0_221-b11) (build 1.8.0_221-b11)
# Java VM: Java HotSpot(TM) 64-Bit Server VM (25.221-b11 mixed mode windows-amd64 compressed oops)
# Problematic frame:
# C  [KERNELBASE.dll+0x3a839]
#
# Failed to write core dump. Minidumps are not enabled by default on client versions of Windows
#
# If you would like to submit a bug report, please visit:
#   http://bugreport.java.com/bugreport/crash.jsp
# The crash happened outside the Java Virtual Machine in native code.
# See problematic frame for where to report the bug.
#

---------------  T H R E A D  ---------------

Current thread (0x0000000019b6e000):  JavaThread "JDWP Transport Listener: dt_socket" daemon [_thread_in_native, id=19296, stack(0x0000000020570000,0x0000000020770000)]

siginfo: ExceptionCode=0xe06d7363, ExceptionInformation=0x0000000019930520 0x000000002076df30 0x00007fff66635a58 0x00007fff66420000 

Registers:
RAX=0x0000000000000000, RBX=0x000000002076df30, RCX=0x0000000000000000, RDX=0x0000000000000000
RSP=0x000000002076ddc0, RBP=0x000000001d4b3768, RSI=0x000000002076e690, RDI=0x00007fff66635a58
R8 =0x0000000000000000, R9 =0x0000000000000000, R10=0x0000000000000000, R11=0x0000000000000000
R12=0x00000000000c6038, R13=0x000000001d5b0008, R14=0x00007fff66420000, R15=0x0000000000000001
RIP=0x00007fff9e66a839, EFLAGS=0x0000000000000206

Top of Stack: (sp=0x000000002076ddc0)
0x000000002076ddc0:   000000001d680000 000000002076df30
0x000000002076ddd0:   000000002076e690 0000000000000002
0x000000002076dde0:   00000001e06d7363 0000000000000000
0x000000002076ddf0:   00007fff9e66a839 0000000000000004
0x000000002076de00:   0000000019930520 000000002076df30
0x000000002076de10:   00007fff66635a58 00007fff66420000
0x000000002076de20:   000000001d5b0008 00000000000c6038
0x000000002076de30:   000000002076e690 000000001d4b3768
0x000000002076de40:   000000002076df10 00007fffa125f49f
0x000000002076de50:   00007fff66635a58 00007fff00000000
0x000000002076de60:   0000cd77a1b29ce6 000000001d680bf8
0x000000002076de70:   00007fff6664c000 00007fff66420000
0x000000002076de80:   00008ec79e8cea69 000000001d5a6aa0
0x000000002076de90:   000000002076df30 00007fff6653d26a
0x000000002076dea0:   00007fff665cee58 00007fff665379c9
0x000000002076deb0:   00007fff665cbac0 0000000000000100 

Instructions: (pc=0x00007fff9e66a839)
0x00007fff9e66a819:   8b d1 44 0f 47 c0 44 89 44 24 38 49 c1 e0 03 e8
0x00007fff9e66a829:   aa 4c 05 00 48 8d 4c 24 20 48 ff 15 af bf 16 00
0x00007fff9e66a839:   0f 1f 44 00 00 48 8b 8c 24 c0 00 00 00 48 33 cc
0x00007fff9e66a849:   e8 c2 ee 04 00 48 81 c4 d8 00 00 00 c3 83 64 24 


Register to memory mapping:

RAX=0x0000000000000000 is an unknown value
RBX=0x000000002076df30 is pointing into the stack for thread: 0x0000000019b6e000
RCX=0x0000000000000000 is an unknown value
RDX=0x0000000000000000 is an unknown value
RSP=0x000000002076ddc0 is pointing into the stack for thread: 0x0000000019b6e000
RBP=0x000000001d4b3768 is an unknown value
RSI=0x000000002076e690 is pointing into the stack for thread: 0x0000000019b6e000
RDI=0x00007fff66635a58 is an unknown value
R8 =0x0000000000000000 is an unknown value
R9 =0x0000000000000000 is an unknown value
R10=0x0000000000000000 is an unknown value
R11=0x0000000000000000 is an unknown value
R12=0x00000000000c6038 is an unknown value
R13=0x000000001d5b0008 is an unknown value
R14=0x00007fff66420000 is an unknown value
R15=0x0000000000000001 is an unknown value


Stack: [0x0000000020570000,0x0000000020770000],  sp=0x000000002076ddc0,  free space=2039k
Native frames: (J=compiled Java code, j=interpreted, Vv=VM code, C=native code)
C  [KERNELBASE.dll+0x3a839]
C  [PicFace64.dll+0x11d26a]
C  [PicFace64.dll+0x113e58]
C  [PicFace64.dll+0x1873ad]
C  [PicFace64.dll+0xc022e]
C  [PicFace64.dll+0xabbce]
C  [PicFace64.dll+0x4e00]
C  [PicFace64.dll+0x491a]
C  [PicFace64.dll+0x20326]
C  [PicFace64.dll+0x20349]
C  [PicFace64.dll+0x118ae0]
C  [ntdll.dll+0x250a1]
C  [ntdll.dll+0x6ab02]
C  [ntdll.dll+0x6a9ad]
C  [KERNEL32.DLL+0x1cd8a]
C  [MSVCR100.dll+0x20ccd]
C  [jdwp.dll+0xc8b9]
C  [jdwp.dll+0xa2ea]
C  [jdwp.dll+0xf15d]
C  [jdwp.dll+0x1f5c9]
C  [jdwp.dll+0x1f79e]
V  [jvm.dll+0x1be4ba]
V  [jvm.dll+0x24666f]
V  [jvm.dll+0x29fb8a]
C  [MSVCR100.dll+0x21d9f]
C  [MSVCR100.dll+0x21e3b]
C  [KERNEL32.DLL+0x17bd4]
C  [ntdll.dll+0x6ced1]


---------------  P R O C E S S  ---------------

Java Threads: ( => current thread )
  0x00000000218c5000 JavaThread "Inactive RequestProcessor thread [Was:TimedSoftReference/org.openide.util.TimedSoftReference]" daemon [_thread_blocked, id=5424, stack(0x0000000000710000,0x0000000000910000)]
  0x00000000218c1000 JavaThread "SwingWorker-pool-2-thread-2" daemon [_thread_blocked, id=23976, stack(0x000000001ccc0000,0x000000001cec0000)]
  0x00000000218c5800 JavaThread "Swing-Shell" daemon [_thread_blocked, id=8504, stack(0x000000001c370000,0x000000001c570000)]
  0x00000000218c4000 JavaThread "Thread-5" [_thread_in_native, id=7596, stack(0x0000000018d00000,0x0000000018f00000)]
  0x00000000218c2800 JavaThread "SwingWorker-pool-2-thread-1" daemon [_thread_blocked, id=3980, stack(0x0000000018900000,0x0000000018b00000)]
  0x0000000023aaf800 JavaThread "TimerQueue" daemon [_thread_blocked, id=10440, stack(0x00000000282b0000,0x00000000284b0000)]
  0x0000000023aac800 JavaThread "Thread-2" daemon [_thread_blocked, id=15572, stack(0x00000000280b0000,0x00000000282b0000)]
  0x0000000023aaf000 JavaThread "File Watcher" daemon [_thread_blocked, id=10208, stack(0x0000000027910000,0x0000000027b10000)]
  0x0000000023591000 JavaThread "org.netbeans.modules.debugger.jpda.visual AWT Access Loop" daemon [_thread_blocked, id=9476, stack(0x0000000024340000,0x0000000024540000)]
  0x0000000021f4d000 JavaThread "AWT-EventQueue-0" [_thread_blocked, id=25440, stack(0x0000000023170000,0x0000000023370000)]
  0x0000000021f46800 JavaThread "AWT-Windows" daemon [_thread_in_native, id=19112, stack(0x0000000022f70000,0x0000000023170000)]
  0x0000000021f43800 JavaThread "AWT-Shutdown" [_thread_blocked, id=21896, stack(0x0000000022d70000,0x0000000022f70000)]
  0x0000000021f41800 JavaThread "Java2D Disposer" daemon [_thread_blocked, id=20960, stack(0x0000000022b70000,0x0000000022d70000)]
  0x0000000021ebe000 JavaThread "RequestProcessor queue manager" daemon [_thread_blocked, id=25488, stack(0x0000000022770000,0x0000000022970000)]
  0x0000000021ab0000 JavaThread "CLI Requests Server" daemon [_thread_in_native, id=10252, stack(0x0000000022170000,0x0000000022370000)]
  0x00000000219d2000 JavaThread "Active Reference Queue Daemon" daemon [_thread_blocked, id=20260, stack(0x0000000021f70000,0x0000000022170000)]
  0x0000000019bce000 JavaThread "Service Thread" daemon [_thread_blocked, id=21528, stack(0x0000000021370000,0x0000000021570000)]
  0x0000000019b96800 JavaThread "C1 CompilerThread3" daemon [_thread_blocked, id=8732, stack(0x0000000021170000,0x0000000021370000)]
  0x0000000019b93800 JavaThread "C2 CompilerThread2" daemon [_thread_blocked, id=6608, stack(0x0000000020f70000,0x0000000021170000)]
  0x0000000019b93000 JavaThread "C2 CompilerThread1" daemon [_thread_blocked, id=11544, stack(0x0000000020d70000,0x0000000020f70000)]
  0x0000000019b8c000 JavaThread "C2 CompilerThread0" daemon [_thread_blocked, id=25492, stack(0x0000000020b70000,0x0000000020d70000)]
  0x0000000019b7a000 JavaThread "JDWP Event Helper Thread" daemon [_thread_blocked, id=2260, stack(0x0000000020770000,0x0000000020970000)]
=>0x0000000019b6e000 JavaThread "JDWP Transport Listener: dt_socket" daemon [_thread_in_native, id=19296, stack(0x0000000020570000,0x0000000020770000)]
  0x0000000019b66000 JavaThread "Attach Listener" daemon [_thread_blocked, id=15012, stack(0x0000000020370000,0x0000000020570000)]
  0x0000000019b65000 JavaThread "Signal Dispatcher" daemon [_thread_blocked, id=10416, stack(0x000000001c170000,0x000000001c370000)]
  0x0000000002bda000 JavaThread "Finalizer" daemon [_thread_blocked, id=6764, stack(0x000000001b670000,0x000000001b870000)]
  0x0000000019ae9000 JavaThread "Reference Handler" daemon [_thread_blocked, id=24064, stack(0x000000001b3c0000,0x000000001b5c0000)]
  0x000000000296c000 JavaThread "main" [_thread_blocked, id=23012, stack(0x0000000000440000,0x0000000000640000)]

Other Threads:
  0x0000000019ac3800 VMThread [stack: 0x000000001aec0000,0x000000001b0c0000] [id=23428]
  0x0000000019c42000 WatcherThread [stack: 0x0000000021570000,0x0000000021770000] [id=13076]

VM state:not at safepoint (normal execution)

VM Mutex/Monitor currently owned by a thread: None

heap address: 0x0000000084400000, size: 1980 MB, Compressed Oops mode: 32-bit
Narrow klass base: 0x0000000000000000, Narrow klass shift: 3
Compressed class space size: 1073741824 Address: 0x0000000100000000

Heap:
 PSYoungGen      total 350720K, used 138205K [0x00000000d6c00000, 0x00000000f0180000, 0x0000000100000000)
  eden space 289280K, 34% used [0x00000000d6c00000,0x00000000dcd55f38,0x00000000e8680000)
  from space 61440K, 62% used [0x00000000ec580000,0x00000000eeb21648,0x00000000f0180000)
  to   space 62976K, 0% used [0x00000000e8680000,0x00000000e8680000,0x00000000ec400000)
 ParOldGen       total 160256K, used 66563K [0x0000000084400000, 0x000000008e080000, 0x00000000d6c00000)
  object space 160256K, 41% used [0x0000000084400000,0x0000000088500c68,0x000000008e080000)
 Metaspace       used 61601K, capacity 66080K, committed 66304K, reserved 1105920K
  class space    used 7665K, capacity 9416K, committed 9472K, reserved 1048576K

Card table byte_map: [0x00000000122e0000,0x00000000126c0000] byte_map_base: 0x0000000011ebe000

Marking Bits: (ParMarkBitMap*) 0x000000005f345ce0
 Begin Bits: [0x0000000013960000, 0x0000000015850000)
 End Bits:   [0x0000000015850000, 0x0000000017740000)

Polling page: 0x00000000001e0000

CodeCache: size=245760Kb used=39271Kb max_used=39271Kb free=206488Kb
 bounds [0x0000000002f20000, 0x00000000055e0000, 0x0000000011f20000]
 total_blobs=10980 nmethods=10137 adapters=760
 compilation: enabled

Compilation events (10 events):
Event: 3422.864 Thread 0x0000000019b96800 13776       3       sun.swing.MenuItemLayoutHelper::getMinTextOffset (42 bytes)
Event: 3422.865 Thread 0x0000000019b96800 nmethod 13776 0x000000000494c350 code [0x000000000494c560, 0x000000000494d098]
Event: 3422.865 Thread 0x0000000019b96800 13777       3       sun.swing.MenuItemLayoutHelper::calcWidthsAndHeights (498 bytes)
Event: 3422.866 Thread 0x0000000019b96800 nmethod 13777 0x0000000004949290 code [0x0000000004949640, 0x000000000494b348]
Event: 3422.866 Thread 0x0000000019b96800 13778       3       sun.swing.MenuItemLayoutHelper::setOriginalWidths (76 bytes)
Event: 3422.867 Thread 0x0000000019b96800 nmethod 13778 0x0000000004948b10 code [0x0000000004948ca0, 0x0000000004949050]
Event: 3422.867 Thread 0x0000000019b96800 13779       3       sun.swing.MenuItemLayoutHelper::calcMaxWidths (200 bytes)
Event: 3422.868 Thread 0x0000000019b96800 nmethod 13779 0x0000000004fabcd0 code [0x0000000004fabfe0, 0x0000000004fad148]
Event: 3422.868 Thread 0x0000000019b96800 13780       3       sun.swing.MenuItemLayoutHelper::calcMaxTextOffset (108 bytes)
Event: 3422.868 Thread 0x0000000019b96800 nmethod 13780 0x0000000004fab390 code [0x0000000004fab540, 0x0000000004faba88]

GC Heap History (10 events):
Event: 2806.917 GC heap before
{Heap before GC invocations=43 (full 3):
 PSYoungGen      total 330240K, used 278712K [0x00000000d6c00000, 0x00000000f0580000, 0x0000000100000000)
  eden space 256000K, 100% used [0x00000000d6c00000,0x00000000e6600000,0x00000000e6600000)
  from space 74240K, 30% used [0x00000000e6600000,0x00000000e7c2e3c8,0x00000000eae80000)
  to   space 71680K, 0% used [0x00000000ebf80000,0x00000000ebf80000,0x00000000f0580000)
 ParOldGen       total 160256K, used 66539K [0x0000000084400000, 0x000000008e080000, 0x00000000d6c00000)
  object space 160256K, 41% used [0x0000000084400000,0x00000000884fac68,0x000000008e080000)
 Metaspace       used 61020K, capacity 65630K, committed 66048K, reserved 1105920K
  class space    used 7613K, capacity 9350K, committed 9472K, reserved 1048576K
Event: 2806.926 GC heap after
Heap after GC invocations=43 (full 3):
 PSYoungGen      total 332288K, used 30128K [0x00000000d6c00000, 0x00000000efa00000, 0x0000000100000000)
  eden space 272384K, 0% used [0x00000000d6c00000,0x00000000d6c00000,0x00000000e7600000)
  from space 59904K, 50% used [0x00000000ebf80000,0x00000000edcec368,0x00000000efa00000)
  to   space 67584K, 0% used [0x00000000e7600000,0x00000000e7600000,0x00000000eb800000)
 ParOldGen       total 160256K, used 66547K [0x0000000084400000, 0x000000008e080000, 0x00000000d6c00000)
  object space 160256K, 41% used [0x0000000084400000,0x00000000884fcc68,0x000000008e080000)
 Metaspace       used 61020K, capacity 65630K, committed 66048K, reserved 1105920K
  class space    used 7613K, capacity 9350K, committed 9472K, reserved 1048576K
}
Event: 3034.795 GC heap before
{Heap before GC invocations=44 (full 3):
 PSYoungGen      total 332288K, used 302512K [0x00000000d6c00000, 0x00000000efa00000, 0x0000000100000000)
  eden space 272384K, 100% used [0x00000000d6c00000,0x00000000e7600000,0x00000000e7600000)
  from space 59904K, 50% used [0x00000000ebf80000,0x00000000edcec368,0x00000000efa00000)
  to   space 67584K, 0% used [0x00000000e7600000,0x00000000e7600000,0x00000000eb800000)
 ParOldGen       total 160256K, used 66547K [0x0000000084400000, 0x000000008e080000, 0x00000000d6c00000)
  object space 160256K, 41% used [0x0000000084400000,0x00000000884fcc68,0x000000008e080000)
 Metaspace       used 61209K, capacity 65758K, committed 66048K, reserved 1105920K
  class space    used 7619K, capacity 9350K, committed 9472K, reserved 1048576K
Event: 3034.805 GC heap after
Heap after GC invocations=44 (full 3):
 PSYoungGen      total 339968K, used 21694K [0x00000000d6c00000, 0x00000000f0100000, 0x0000000100000000)
  eden space 272384K, 0% used [0x00000000d6c00000,0x00000000d6c00000,0x00000000e7600000)
  from space 67584K, 32% used [0x00000000e7600000,0x00000000e8b2f940,0x00000000eb800000)
  to   space 65024K, 0% used [0x00000000ec180000,0x00000000ec180000,0x00000000f0100000)
 ParOldGen       total 160256K, used 66547K [0x0000000084400000, 0x000000008e080000, 0x00000000d6c00000)
  object space 160256K, 41% used [0x0000000084400000,0x00000000884fcc68,0x000000008e080000)
 Metaspace       used 61209K, capacity 65758K, committed 66048K, reserved 1105920K
  class space    used 7619K, capacity 9350K, committed 9472K, reserved 1048576K
}
Event: 3050.225 GC heap before
{Heap before GC invocations=45 (full 3):
 PSYoungGen      total 339968K, used 294078K [0x00000000d6c00000, 0x00000000f0100000, 0x0000000100000000)
  eden space 272384K, 100% used [0x00000000d6c00000,0x00000000e7600000,0x00000000e7600000)
  from space 67584K, 32% used [0x00000000e7600000,0x00000000e8b2f940,0x00000000eb800000)
  to   space 65024K, 0% used [0x00000000ec180000,0x00000000ec180000,0x00000000f0100000)
 ParOldGen       total 160256K, used 66547K [0x0000000084400000, 0x000000008e080000, 0x00000000d6c00000)
  object space 160256K, 41% used [0x0000000084400000,0x00000000884fcc68,0x000000008e080000)
 Metaspace       used 61232K, capacity 65822K, committed 66048K, reserved 1105920K
  class space    used 7619K, capacity 9350K, committed 9472K, reserved 1048576K
Event: 3050.232 GC heap after
Heap after GC invocations=45 (full 3):
 PSYoungGen      total 341504K, used 20665K [0x00000000d6c00000, 0x00000000efb00000, 0x0000000100000000)
  eden space 282624K, 0% used [0x00000000d6c00000,0x00000000d6c00000,0x00000000e8000000)
  from space 58880K, 35% used [0x00000000ec180000,0x00000000ed5ae488,0x00000000efb00000)
  to   space 62976K, 0% used [0x00000000e8000000,0x00000000e8000000,0x00000000ebd80000)
 ParOldGen       total 160256K, used 66547K [0x0000000084400000, 0x000000008e080000, 0x00000000d6c00000)
  object space 160256K, 41% used [0x0000000084400000,0x00000000884fcc68,0x000000008e080000)
 Metaspace       used 61232K, capacity 65822K, committed 66048K, reserved 1105920K
  class space    used 7619K, capacity 9350K, committed 9472K, reserved 1048576K
}
Event: 3155.682 GC heap before
{Heap before GC invocations=46 (full 3):
 PSYoungGen      total 341504K, used 303289K [0x00000000d6c00000, 0x00000000efb00000, 0x0000000100000000)
  eden space 282624K, 100% used [0x00000000d6c00000,0x00000000e8000000,0x00000000e8000000)
  from space 58880K, 35% used [0x00000000ec180000,0x00000000ed5ae488,0x00000000efb00000)
  to   space 62976K, 0% used [0x00000000e8000000,0x00000000e8000000,0x00000000ebd80000)
 ParOldGen       total 160256K, used 66547K [0x0000000084400000, 0x000000008e080000, 0x00000000d6c00000)
  object space 160256K, 41% used [0x0000000084400000,0x00000000884fcc68,0x000000008e080000)
 Metaspace       used 61292K, capacity 65886K, committed 66304K, reserved 1105920K
  class space    used 7626K, capacity 9350K, committed 9472K, reserved 1048576K
Event: 3155.690 GC heap after
Heap after GC invocations=46 (full 3):
 PSYoungGen      total 345600K, used 37076K [0x00000000d6c00000, 0x00000000f0300000, 0x0000000100000000)
  eden space 282624K, 0% used [0x00000000d6c00000,0x00000000d6c00000,0x00000000e8000000)
  from space 62976K, 58% used [0x00000000e8000000,0x00000000ea435008,0x00000000ebd80000)
  to   space 62976K, 0% used [0x00000000ec580000,0x00000000ec580000,0x00000000f0300000)
 ParOldGen       total 160256K, used 66555K [0x0000000084400000, 0x000000008e080000, 0x00000000d6c00000)
  object space 160256K, 41% used [0x0000000084400000,0x00000000884fec68,0x000000008e080000)
 Metaspace       used 61292K, capacity 65886K, committed 66304K, reserved 1105920K
  class space    used 7626K, capacity 9350K, committed 9472K, reserved 1048576K
}
Event: 3380.432 GC heap before
{Heap before GC invocations=47 (full 3):
 PSYoungGen      total 345600K, used 319700K [0x00000000d6c00000, 0x00000000f0300000, 0x0000000100000000)
  eden space 282624K, 100% used [0x00000000d6c00000,0x00000000e8000000,0x00000000e8000000)
  from space 62976K, 58% used [0x00000000e8000000,0x00000000ea435008,0x00000000ebd80000)
  to   space 62976K, 0% used [0x00000000ec580000,0x00000000ec580000,0x00000000f0300000)
 ParOldGen       total 160256K, used 66555K [0x0000000084400000, 0x000000008e080000, 0x00000000d6c00000)
  object space 160256K, 41% used [0x0000000084400000,0x00000000884fec68,0x000000008e080000)
 Metaspace       used 61520K, capacity 66016K, committed 66304K, reserved 1105920K
  class space    used 7665K, capacity 9416K, committed 9472K, reserved 1048576K
Event: 3380.441 GC heap after
Heap after GC invocations=47 (full 3):
 PSYoungGen      total 350720K, used 38533K [0x00000000d6c00000, 0x00000000f0180000, 0x0000000100000000)
  eden space 289280K, 0% used [0x00000000d6c00000,0x00000000d6c00000,0x00000000e8680000)
  from space 61440K, 62% used [0x00000000ec580000,0x00000000eeb21648,0x00000000f0180000)
  to   space 62976K, 0% used [0x00000000e8680000,0x00000000e8680000,0x00000000ec400000)
 ParOldGen       total 160256K, used 66563K [0x0000000084400000, 0x000000008e080000, 0x00000000d6c00000)
  object space 160256K, 41% used [0x0000000084400000,0x0000000088500c68,0x000000008e080000)
 Metaspace       used 61520K, capacity 66016K, committed 66304K, reserved 1105920K
  class space    used 7665K, capacity 9416K, committed 9472K, reserved 1048576K
}

Deoptimization events (10 events):
Event: 3410.857 Thread 0x0000000021f4d000 Uncommon trap: reason=class_check action=maybe_recompile pc=0x0000000004dba894 method=javax.swing.plaf.basic.BasicBorders$MarginBorder.getBorderInsets(Ljava/awt/Component;Ljava/awt/Insets;)Ljava/awt/Insets; @ 54
Event: 3415.739 Thread 0x0000000021f4d000 Uncommon trap: reason=class_check action=maybe_recompile pc=0x0000000003cd6d08 method=javax.swing.JComponent.deregisterNextFocusableComponent()V @ 11
Event: 3416.320 Thread 0x0000000021f4d000 Uncommon trap: reason=class_check action=maybe_recompile pc=0x0000000003cd6d08 method=javax.swing.JComponent.deregisterNextFocusableComponent()V @ 11
Event: 3418.501 Thread 0x0000000021f4d000 Uncommon trap: reason=class_check action=maybe_recompile pc=0x0000000004dba894 method=javax.swing.plaf.basic.BasicBorders$MarginBorder.getBorderInsets(Ljava/awt/Component;Ljava/awt/Insets;)Ljava/awt/Insets; @ 54
Event: 3421.371 Thread 0x0000000021f4d000 Uncommon trap: reason=unstable_if action=reinterpret pc=0x0000000004334764 method=com.sun.java.swing.plaf.windows.WindowsButtonUI.getXPButtonState(Ljavax/swing/AbstractButton;)Lcom/sun/java/swing/plaf/windows/TMSchema$State; @ 405
Event: 3421.376 Thread 0x0000000021f4d000 Uncommon trap: reason=unstable_if action=reinterpret pc=0x0000000003b9ce34 method=java.io.PrintWriter.newLine()V @ 26
Event: 3421.376 Thread 0x0000000021f4d000 Uncommon trap: reason=unstable_if action=reinterpret pc=0x00000000040f3604 method=java.io.PrintWriter.newLine()V @ 26
Event: 3421.376 Thread 0x0000000021f4d000 Uncommon trap: reason=class_check action=maybe_recompile pc=0x000000000347a20c method=javax.swing.text.Utilities.isComposedTextAttributeDefined(Ljavax/swing/text/AttributeSet;)Z @ 8
Event: 3421.376 Thread 0x0000000021f4d000 Uncommon trap: reason=class_check action=maybe_recompile pc=0x000000000347a20c method=javax.swing.text.Utilities.isComposedTextAttributeDefined(Ljavax/swing/text/AttributeSet;)Z @ 8
Event: 3421.383 Thread 0x0000000021f4d000 Uncommon trap: reason=unstable_if action=reinterpret pc=0x000000000520eea8 method=javax.swing.text.AbstractDocument$BranchElement.getElementIndex(I)I @ 172

Classes redefined (6 events):
Event: 415.601 Thread 0x0000000019ac3800 redefined class name=cif.mllearning.components.CrossplotSettingDialog, count=1
Event: 415.619 Thread 0x0000000019ac3800 redefined class name=cif.mllearning.components.CrossplotSettingDialog$1, count=1
Event: 415.636 Thread 0x0000000019ac3800 redefined class name=cif.mllearning.components.CrossplotSettingDialog$2, count=1
Event: 415.654 Thread 0x0000000019ac3800 redefined class name=cif.mllearning.components.CrossplotSettingDialog$3, count=1
Event: 415.672 Thread 0x0000000019ac3800 redefined class name=cif.mllearning.components.CrossplotSettingDialog$4, count=1
Event: 2947.033 Thread 0x0000000019ac3800 redefined class name=cif.mllearning.components.PlotPanel, count=1

Internal exceptions (10 events):
Event: 3379.773 Thread 0x0000000021f4d000 Implicit null exception at 0x000000000539e05b to 0x000000000539e339
Event: 3385.871 Thread 0x0000000021f4d000 Exception <a 'java/lang/ArrayIndexOutOfBoundsException': 5> (0x00000000d7b99378) thrown at [C:\re\workspace\8-2-build-windows-amd64-cygwin\jdk8u221\13320\hotspot\src\share\vm\interpreter\interpreterRuntime.cpp, line 368]
Event: 3385.871 Thread 0x0000000021f4d000 Exception <a 'java/lang/ArrayIndexOutOfBoundsException'> (0x00000000d7b99378) thrown at [C:\re\workspace\8-2-build-windows-amd64-cygwin\jdk8u221\13320\hotspot\src\share\vm\prims\jvm.cpp, line 1506]
Event: 3385.871 Thread 0x0000000021f4d000 Exception <a 'java/lang/ArrayIndexOutOfBoundsException'> (0x00000000d7b99378) thrown at [C:\re\workspace\8-2-build-windows-amd64-cygwin\jdk8u221\13320\hotspot\src\share\vm\prims\jvm.cpp, line 1506]
Event: 3410.856 Thread 0x0000000021f4d000 Exception <a 'java/lang/ArrayIndexOutOfBoundsException': 5> (0x00000000d9573ca8) thrown at [C:\re\workspace\8-2-build-windows-amd64-cygwin\jdk8u221\13320\hotspot\src\share\vm\interpreter\interpreterRuntime.cpp, line 368]
Event: 3410.856 Thread 0x0000000021f4d000 Exception <a 'java/lang/ArrayIndexOutOfBoundsException'> (0x00000000d9573ca8) thrown at [C:\re\workspace\8-2-build-windows-amd64-cygwin\jdk8u221\13320\hotspot\src\share\vm\prims\jvm.cpp, line 1506]
Event: 3410.856 Thread 0x0000000021f4d000 Exception <a 'java/lang/ArrayIndexOutOfBoundsException'> (0x00000000d9573ca8) thrown at [C:\re\workspace\8-2-build-windows-amd64-cygwin\jdk8u221\13320\hotspot\src\share\vm\prims\jvm.cpp, line 1506]
Event: 3418.499 Thread 0x0000000021f4d000 Exception <a 'java/lang/ArrayIndexOutOfBoundsException': 5> (0x00000000db748e30) thrown at [C:\re\workspace\8-2-build-windows-amd64-cygwin\jdk8u221\13320\hotspot\src\share\vm\interpreter\interpreterRuntime.cpp, line 368]
Event: 3418.500 Thread 0x0000000021f4d000 Exception <a 'java/lang/ArrayIndexOutOfBoundsException'> (0x00000000db748e30) thrown at [C:\re\workspace\8-2-build-windows-amd64-cygwin\jdk8u221\13320\hotspot\src\share\vm\prims\jvm.cpp, line 1506]
Event: 3418.500 Thread 0x0000000021f4d000 Exception <a 'java/lang/ArrayIndexOutOfBoundsException'> (0x00000000db748e30) thrown at [C:\re\workspace\8-2-build-windows-amd64-cygwin\jdk8u221\13320\hotspot\src\share\vm\prims\jvm.cpp, line 1506]

Events (10 events):
Event: 3421.382 Thread 0x0000000019b96800 flushing nmethod 0x0000000004a43110
Event: 3421.383 Thread 0x0000000021f4d000 Uncommon trap: trap_request=0xffffff65 fr.pc=0x000000000520eea8
Event: 3421.383 Thread 0x0000000021f4d000 DEOPT PACKING pc=0x000000000520eea8 sp=0x000000002336dd40
Event: 3421.383 Thread 0x0000000021f4d000 DEOPT UNPACKING pc=0x0000000002f6583b sp=0x000000002336dce8 mode 2
Event: 3421.383 Thread 0x0000000019b96800 flushing nmethod 0x0000000004d0b110
Event: 3421.383 Thread 0x0000000019b96800 flushing nmethod 0x0000000004d4a310
Event: 3421.384 Thread 0x0000000019b96800 flushing nmethod 0x0000000004dca490
Event: 3421.384 Thread 0x0000000019b96800 flushing nmethod 0x000000000515eb10
Event: 3421.385 Thread 0x0000000019b96800 flushing nmethod 0x000000000559a810
Event: 3477.787 Thread 0x0000000019b7b800 Thread exited: 0x0000000019b7b800


Dynamic libraries:
0x0000000000400000 - 0x000000000043a000 	E:\NetbeansWorkspace\CIFLog Publish\ciflog\platform\lib\nbexec64.exe
0x00007fffa1240000 - 0x00007fffa1430000 	C:\Windows\SYSTEM32\ntdll.dll
0x00007fffa01d0000 - 0x00007fffa0282000 	C:\Windows\System32\KERNEL32.DLL
0x00007fff9e630000 - 0x00007fff9e8d3000 	C:\Windows\System32\KERNELBASE.dll
0x00007fff9fb70000 - 0x00007fff9fc13000 	C:\Windows\System32\ADVAPI32.dll
0x00007fffa0050000 - 0x00007fffa00ee000 	C:\Windows\System32\msvcrt.dll
0x00007fff9f7c0000 - 0x00007fff9f857000 	C:\Windows\System32\sechost.dll
0x00007fffa10e0000 - 0x00007fffa1200000 	C:\Windows\System32\RPCRT4.dll
0x00007fffa0290000 - 0x00007fffa0424000 	C:\Windows\System32\USER32.dll
0x00007fff9e490000 - 0x00007fff9e4b1000 	C:\Windows\System32\win32u.dll
0x00007fffa00f0000 - 0x00007fffa0116000 	C:\Windows\System32\GDI32.dll
0x00007fff9e250000 - 0x00007fff9e3e4000 	C:\Windows\System32\gdi32full.dll
0x00007fff9e3f0000 - 0x00007fff9e48e000 	C:\Windows\System32\msvcp_win.dll
0x00007fff9e8e0000 - 0x00007fff9e9da000 	C:\Windows\System32\ucrtbase.dll
0x00007fffa0d30000 - 0x00007fffa0d5e000 	C:\Windows\System32\IMM32.DLL
0x000000005e4e0000 - 0x000000005e994000 	E:\NetbeansWorkspace\CIFLog Publish\ciflog\platform\lib\nbexec64.dll
0x000000005eb20000 - 0x000000005f3c5000 	E:\Environment\JDK\jdk-8\jre\bin\server\jvm.dll
0x00007fffa0d20000 - 0x00007fffa0d28000 	C:\Windows\System32\PSAPI.DLL
0x00007fff93fd0000 - 0x00007fff93fd9000 	C:\Windows\SYSTEM32\WSOCK32.dll
0x00007fff853d0000 - 0x00007fff853f4000 	C:\Windows\SYSTEM32\WINMM.dll
0x00007fff9fc20000 - 0x00007fff9fc8f000 	C:\Windows\System32\WS2_32.dll
0x000000005ea40000 - 0x000000005eb12000 	E:\Environment\JDK\jdk-8\jre\bin\MSVCR100.dll
0x00007fff93f60000 - 0x00007fff93f6a000 	C:\Windows\SYSTEM32\VERSION.dll
0x00007fff8d140000 - 0x00007fff8d16d000 	C:\Windows\SYSTEM32\winmmbase.dll
0x00007fff9e1d0000 - 0x00007fff9e21a000 	C:\Windows\System32\cfgmgr32.dll
0x00007fff83fe0000 - 0x00007fff84019000 	E:\Environment\JDK\jdk-8\jre\bin\splashscreen.dll
0x00007fff8ab20000 - 0x00007fff8ab2f000 	E:\Environment\JDK\jdk-8\jre\bin\verify.dll
0x00007fff993e0000 - 0x00007fff99479000 	C:\Windows\system32\uxtheme.dll
0x00007fff9fd10000 - 0x00007fffa0046000 	C:\Windows\System32\combase.dll
0x00007fff9ea40000 - 0x00007fff9eac0000 	C:\Windows\System32\bcryptPrimitives.dll
0x00007fff829b0000 - 0x00007fff829d9000 	E:\Environment\JDK\jdk-8\jre\bin\java.dll
0x00007fffa0430000 - 0x00007fffa0565000 	C:\Windows\System32\MSCTF.dll
0x00007fff9f940000 - 0x00007fff9fa04000 	C:\Windows\System32\OLEAUT32.dll
0x00007fff861c0000 - 0x00007fff861f5000 	E:\Environment\JDK\jdk-8\jre\bin\jdwp.dll
0x00007fff95ec0000 - 0x00007fff95ec8000 	E:\Environment\JDK\jdk-8\jre\bin\npt.dll
0x00007fff8a2d0000 - 0x00007fff8a2e6000 	E:\Environment\JDK\jdk-8\jre\bin\zip.dll
0x00007fff9e190000 - 0x00007fff9e1a1000 	C:\Windows\System32\kernel.appcore.dll
0x00007fff75c70000 - 0x00007fff75d0e000 	C:\Windows\System32\TextInputFramework.dll
0x00007fff99010000 - 0x00007fff990e4000 	C:\Windows\System32\CoreMessaging.dll
0x00007fff7a7d0000 - 0x00007fff7aafa000 	C:\Windows\System32\CoreUIComponents.dll
0x00007fffa0c60000 - 0x00007fffa0d09000 	C:\Windows\System32\SHCORE.dll
0x00007fff9d170000 - 0x00007fff9d1a1000 	C:\Windows\SYSTEM32\ntmarta.dll
0x00007fff969e0000 - 0x00007fff96b33000 	C:\Windows\SYSTEM32\wintypes.dll
0x00007fff8ff30000 - 0x00007fff901d6000 	C:\Windows\System32\iertutil.dll
0x00007fff9fa10000 - 0x00007fff9fb66000 	C:\Windows\System32\ole32.dll
0x00007fffa0120000 - 0x00007fffa01c2000 	C:\Windows\System32\clbcatq.dll
0x00007fff66690000 - 0x00007fff66879000 	C:\Windows\system32\SogouTSF.ime
0x00007fffa0570000 - 0x00007fffa0c55000 	C:\Windows\System32\SHELL32.dll
0x00007fff710e0000 - 0x00007fff710e7000 	C:\Windows\system32\MSIMG32.dll
0x00007fff9eb70000 - 0x00007fff9f2ef000 	C:\Windows\System32\windows.storage.dll
0x00007fff9e1b0000 - 0x00007fff9e1cf000 	C:\Windows\System32\profapi.dll
0x00007fff9e120000 - 0x00007fff9e16a000 	C:\Windows\System32\powrprof.dll
0x00007fff9e110000 - 0x00007fff9e120000 	C:\Windows\System32\UMPDC.dll
0x00007fffa0d60000 - 0x00007fffa0db2000 	C:\Windows\System32\shlwapi.dll
0x00007fff9e610000 - 0x00007fff9e627000 	C:\Windows\System32\cryptsp.dll
0x00007fff634c0000 - 0x00007fff63d44000 	C:\Windows\system32\SogouPy.ime
0x00007fff967c0000 - 0x00007fff968b0000 	C:\Windows\SYSTEM32\WINHTTP.dll
0x00007fff8cbf0000 - 0x00007fff8cc55000 	C:\Windows\SYSTEM32\OLEACC.dll
0x000000001ca40000 - 0x000000001cb5d000 	D:\Programs\SogouInput\9.5.0.3399\Resource.dll
0x00007fff99750000 - 0x00007fff9977d000 	C:\Windows\SYSTEM32\dwmapi.dll
0x00007fff66420000 - 0x00007fff66689000 	D:\Programs\SogouInput\Components\PicFace\1.1.0.1867\PicFace64.dll
0x00007fffa0e60000 - 0x00007fffa0f30000 	C:\Windows\System32\COMDLG32.dll
0x00007fff89400000 - 0x00007fff89685000 	C:\Windows\WinSxS\amd64_microsoft.windows.common-controls_6595b64144ccf1df_6.0.18362.535_none_e6c3b34713100821\COMCTL32.dll
0x00007fff91ed0000 - 0x00007fff91ed9000 	E:\Environment\JDK\jdk-8\jre\bin\dt_socket.dll
0x00007fff9d980000 - 0x00007fff9d9e7000 	C:\Windows\system32\mswsock.dll
0x00007fff86900000 - 0x00007fff8691a000 	E:\Environment\JDK\jdk-8\jre\bin\net.dll
0x00007fff901e0000 - 0x00007fff903b6000 	C:\Windows\SYSTEM32\urlmon.dll
0x00007fff9db50000 - 0x00007fff9db5c000 	C:\Windows\SYSTEM32\CRYPTBASE.DLL
0x00007fff85c80000 - 0x00007fff85c92000 	E:\Environment\JDK\jdk-8\jre\bin\nio.dll
0x00007fff9d690000 - 0x00007fff9d6ca000 	C:\Windows\SYSTEM32\IPHLPAPI.DLL
0x00007fff9fc90000 - 0x00007fff9fc98000 	C:\Windows\System32\NSI.dll
0x00007fff93a20000 - 0x00007fff93a36000 	C:\Windows\SYSTEM32\dhcpcsvc6.DLL
0x00007fff93a00000 - 0x00007fff93a1c000 	C:\Windows\SYSTEM32\dhcpcsvc.DLL
0x00007fff9d6d0000 - 0x00007fff9d79a000 	C:\Windows\SYSTEM32\DNSAPI.dll
0x00007fff650c0000 - 0x00007fff65259000 	E:\Environment\JDK\jdk-8\jre\bin\awt.dll
0x00007fff99220000 - 0x00007fff992af000 	C:\Windows\SYSTEM32\apphelp.dll
0x00007fff9d4f0000 - 0x00007fff9d523000 	C:\Windows\system32\rsaenh.dll
0x00007fff9e220000 - 0x00007fff9e246000 	C:\Windows\System32\bcrypt.dll
0x00007fff9e030000 - 0x00007fff9e055000 	C:\Windows\SYSTEM32\USERENV.dll
0x00007fff76d00000 - 0x00007fff76d16000 	C:\Windows\system32\napinsp.dll
0x00007fff76ce0000 - 0x00007fff76cfa000 	C:\Windows\system32\pnrpnsp.dll
0x00007fff76cd0000 - 0x00007fff76cde000 	C:\Windows\System32\winrnr.dll
0x00007fff97b70000 - 0x00007fff97b8c000 	C:\Windows\system32\NLAapi.dll
0x00007fff968b0000 - 0x00007fff968c5000 	C:\Windows\system32\wshbth.dll
0x00007fff94cd0000 - 0x00007fff94cda000 	C:\Windows\System32\rasadhlp.dll
0x00007fff93670000 - 0x00007fff936e7000 	C:\Windows\System32\fwpuclnt.dll
0x00007fff83560000 - 0x00007fff836b6000 	C:\Windows\system32\opengl32.dll
0x00007fff91f10000 - 0x00007fff91f3c000 	C:\Windows\SYSTEM32\GLU32.dll
0x00007fff9cd80000 - 0x00007fff9cda0000 	C:\Windows\SYSTEM32\dxcore.dll
0x00007fff6d630000 - 0x00007fff6d679000 	E:\Environment\JDK\jdk-8\jre\bin\fontmanager.dll
0x00007fff67b10000 - 0x00007fff67b52000 	E:\Environment\JDK\jdk-8\jre\bin\t2k.dll
0x0000000180000000 - 0x0000000180038000 	E:\NetbeansWorkspace\CIFLog Publish\ciflog\platform\modules\lib\amd64\jnidispatch-410.dll
0x00007fff82dd0000 - 0x00007fff82e01000 	E:\Environment\JDK\jdk-8\jre\bin\jpeg.dll
0x00007fff7a620000 - 0x00007fff7a7cf000 	C:\Windows\SYSTEM32\WindowsCodecs.dll
0x00007fff864c0000 - 0x00007fff864fa000 	C:\Windows\system32\dataexchange.dll
0x00007fff98860000 - 0x00007fff98abb000 	C:\Windows\system32\d3d11.dll
0x00007fff98ac0000 - 0x00007fff98c9b000 	C:\Windows\system32\dcomp.dll
0x00007fff9ce10000 - 0x00007fff9cefb000 	C:\Windows\system32\dxgi.dll
0x00007fff994d0000 - 0x00007fff9972a000 	C:\Windows\system32\twinapi.appcore.dll
0x00007fff999e0000 - 0x00007fff99a09000 	C:\Windows\system32\RMCLIENT.dll
0x00007fff8b0a0000 - 0x00007fff8b0ad000 	E:\Environment\JDK\jdk-8\jre\bin\management.dll
0x00007fff70ed0000 - 0x00007fff70f79000 	C:\Windows\WinSxS\amd64_microsoft.windows.common-controls_6595b64144ccf1df_5.82.18362.535_none_2a26181e466b3888\comctl32.dll
0x00007fff69730000 - 0x00007fff6975a000 	E:\Environment\JDK\jdk-8\jre\bin\dcpr.dll
0x00007fff97200000 - 0x00007fff972ef000 	C:\Windows\System32\PROPSYS.dll
0x00007fff7e970000 - 0x00007fff7e986000 	C:\Windows\system32\NetworkExplorer.dll
0x00007fff97680000 - 0x00007fff97874000 	C:\Windows\SYSTEM32\DbgHelp.dll
0x00007fff8d180000 - 0x00007fff8d1aa000 	C:\Windows\SYSTEM32\dbgcore.DLL

VM Arguments:
jvm_args: -Dnetbeans.logger.console=true -ea -Xdebug -Xrunjdwp:transport=dt_socket,suspend=y,server=n,address=127.0.0.1:50376 -Djdk.home=E:\Environment\JDK\jdk-8 -splash:E:\NetbeansWorkspace\CIFLog Publish\MLLearning\build\testuserdir\var\cache\splash.png -Dnetbeans.home=E:\NetbeansWorkspace\CIFLog Publish\ciflog\platform -Dnetbeans.user=E:\NetbeansWorkspace\CIFLog Publish\MLLearning\build\testuserdir -Dnetbeans.default_userdir_root= -XX:+HeapDumpOnOutOfMemoryError -XX:HeapDumpPath=E:\NetbeansWorkspace\CIFLog Publish\MLLearning\build\testuserdir\var\log\heapdump.hprof -Dsun.awt.keepWorkingSetOnMinimize=true -Dnetbeans.dirs=E:\NetbeansWorkspace\CIFLog Publish\MLLearning\build\cluster;E:\NetbeansWorkspace\CIFLog Publish\ciflog\ciflog;E:\NetbeansWorkspace\CIFLog Publish\ciflog\platform exit 
java_command: <unknown>
java_class_path (initial): E:\NetbeansWorkspace\CIFLog Publish\ciflog\platform\lib\boot.jar;E:\NetbeansWorkspace\CIFLog Publish\ciflog\platform\lib\org-openide-modules.jar;E:\NetbeansWorkspace\CIFLog Publish\ciflog\platform\lib\org-openide-util-lookup.jar;E:\NetbeansWorkspace\CIFLog Publish\ciflog\platform\lib\org-openide-util-ui.jar;E:\NetbeansWorkspace\CIFLog Publish\ciflog\platform\lib\org-openide-util.jar;E:\NetbeansWorkspace\CIFLog Publish\ciflog\platform\lib\locale\boot_ja.jar;E:\NetbeansWorkspace\CIFLog Publish\ciflog\platform\lib\locale\boot_pt_BR.jar;E:\NetbeansWorkspace\CIFLog Publish\ciflog\platform\lib\locale\boot_ru.jar;E:\NetbeansWorkspace\CIFLog Publish\ciflog\platform\lib\locale\boot_zh_CN.jar;E:\NetbeansWorkspace\CIFLog Publish\ciflog\platform\lib\locale\org-openide-modules_ja.jar;E:\NetbeansWorkspace\CIFLog Publish\ciflog\platform\lib\locale\org-openide-modules_pt_BR.jar;E:\NetbeansWorkspace\CIFLog Publish\ciflog\platform\lib\locale\org-openide-modules_ru.jar;E:\NetbeansWorkspace\CIFLog Publish\ciflog\platform\lib\locale\org-openide-modules_zh_CN.jar;E:\NetbeansWorkspace\CIFLog Publish\ciflog\platform\lib\locale\org-openide-util-lookup_ja.jar;E:\NetbeansWorkspace\CIFLog Publish\ciflog\platform\lib\locale\org-openide-util-lookup_pt_BR.jar;E:\NetbeansWorkspace\CIFLog Publish\ciflog\platform\lib\locale\org-openide-util-lookup_ru.jar;E:\NetbeansWorkspace\CIFLog Publish\ciflog\platform\lib\locale\org-openide-util-lookup_zh_CN.jar;E:\NetbeansWorkspace\CIFLog Publish\ciflog\platform\lib\locale\org-openide-util-ui_ja.jar;E:\NetbeansWorkspace\CIFLog Publish\ciflog\platform\lib\locale\org-openide-util-ui_pt_BR.jar;E:\NetbeansWorkspace\CIFLog Publish\ciflog\platform\lib\locale\org-openide-util-ui_ru.jar;E:\NetbeansWorkspace\CIFLog Publish\ciflog\platform\lib\locale\org-openide-util-ui_zh_CN.jar;E:\NetbeansWorkspace\CIFLog Publish\ciflog\platform\lib\locale\org-openide-util_ja.jar;E:\NetbeansWorkspace\CIFLog Publish\ciflog\platform\lib\locale\org-openide-uti
Launcher Type: generic

Environment Variables:
JAVA_HOME=E:\Environment\JDK\jdk-8
PATH=C:\Program Files (x86)\Common Files\Oracle\Java\javapath;C:\Windows\system32;C:\Windows;C:\Windows\System32\Wbem;C:\Windows\System32\WindowsPowerShell\v1.0\;C:\Windows\System32\OpenSSH\;E:\Environment\JDK\jdk-8\bin;E:\Environment\JDK\jdk-8\jre\bin;D:\Programs\Git\cmd;E:\Environment\Go\bin;C:\Program Files\MySQL\MySQL Shell 8.0\bin\;C:\Users\10797\go\bin;D:\Programs\MikTex\miktex\bin\x64\;C:\Users\10797\AppData\Local\GitHubDesktop\bin
USERNAME=10797
OS=Windows_NT
PROCESSOR_IDENTIFIER=Intel64 Family 6 Model 158 Stepping 10, GenuineIntel



---------------  S Y S T E M  ---------------

OS: Windows 10.0 , 64 bit Build 18362 (10.0.18362.329)

CPU:total 8 (initial active 8) (4 cores per cpu, 2 threads per core) family 6 model 158 stepping 10, cmov, cx8, fxsr, mmx, sse, sse2, sse3, ssse3, sse4.1, sse4.2, popcnt, avx, avx2, aes, clmul, erms, 3dnowpref, lzcnt, ht, tsc, tscinvbit, bmi1, bmi2, adx

Memory: 4k page, physical 8109888k(1405896k free), swap 15187776k(3849560k free)

vm_info: Java HotSpot(TM) 64-Bit Server VM (25.221-b11) for windows-amd64 JRE (1.8.0_221-b11), built on Jul  4 2019 04:39:29 by "java_re" with MS VC++ 10.0 (VS2010)

time: Mon Jan 13 16:01:50 2020
timezone: 中国标准时间
elapsed time: 3478 seconds (0d 0h 57m 58s)

